{
  message: 'Database is connected.',
  level: 'info',
  label: 'UNI',
  timestamp: '2023-08-24T15:12:05.330Z'
}
{
  message: 'Server is listening to 5000',
  level: 'info',
  label: 'UNI',
  timestamp: '2023-08-24T15:12:05.358Z'
}
{
  message: 'Database is connected.',
  level: 'info',
  label: 'UNI',
  timestamp: '2023-08-24T15:14:53.621Z'
}
{
  message: 'Server is listening to 5000',
  level: 'info',
  label: 'UNI',
  timestamp: '2023-08-24T15:14:53.640Z'
}
{
  message: 'Database is connected.',
  level: 'info',
  label: 'UNI',
  timestamp: '2023-08-24T15:45:03.695Z'
}
{
  message: 'Server is listening to 5000',
  level: 'info',
  label: 'UNI',
  timestamp: '2023-08-24T15:45:03.708Z'
}
