{
  message: 'Database is connected.',
  level: 'info',
  label: 'UNI',
  timestamp: '2024-06-07T10:06:24.785Z'
}
{
  message: 'Database is connected.',
  level: 'info',
  label: 'UNI',
  timestamp: '2024-06-07T10:06:53.608Z'
}
{
  message: 'Server is listening to 5001',
  level: 'info',
  label: 'UNI',
  timestamp: '2024-06-07T10:06:53.617Z'
}
{
  message: 'Database is connected.',
  level: 'info',
  label: 'UNI',
  timestamp: '2024-06-07T10:16:30.834Z'
}
{
  message: 'Server is listening to 5001',
  level: 'info',
  label: 'UNI',
  timestamp: '2024-06-07T10:16:30.841Z'
}
{
  message: 'Database is connected.',
  level: 'info',
  label: 'UNI',
  timestamp: '2024-06-07T10:19:02.871Z'
}
{
  message: 'Server is listening to 5001',
  level: 'info',
  label: 'UNI',
  timestamp: '2024-06-07T10:19:02.879Z'
}
{
  message: 'Database is connected.',
  level: 'info',
  label: 'UNI',
  timestamp: '2024-06-07T10:21:49.682Z'
}
{
  message: 'Server is listening to 5001',
  level: 'info',
  label: 'UNI',
  timestamp: '2024-06-07T10:21:49.695Z'
}
{
  message: 'Database is connected.',
  level: 'info',
  label: 'UNI',
  timestamp: '2024-06-07T10:22:39.664Z'
}
{
  message: 'Server is listening to 5001',
  level: 'info',
  label: 'UNI',
  timestamp: '2024-06-07T10:22:39.680Z'
}
{
  message: 'Database is connected.',
  level: 'info',
  label: 'UNI',
  timestamp: '2024-06-07T10:26:15.123Z'
}
{
  message: 'Server is listening to 5001',
  level: 'info',
  label: 'UNI',
  timestamp: '2024-06-07T10:26:15.138Z'
}
{
  message: 'Database is connected.',
  level: 'info',
  label: 'UNI',
  timestamp: '2024-06-07T10:27:08.876Z'
}
{
  message: 'Server is listening to 5001',
  level: 'info',
  label: 'UNI',
  timestamp: '2024-06-07T10:27:08.883Z'
}
{
  message: 'Database is connected.',
  level: 'info',
  label: 'UNI',
  timestamp: '2024-06-07T10:27:23.360Z'
}
{
  message: 'Server is listening to 5001',
  level: 'info',
  label: 'UNI',
  timestamp: '2024-06-07T10:27:23.366Z'
}
{
  message: 'Database is connected.',
  level: 'info',
  label: 'UNI',
  timestamp: '2024-06-07T10:27:35.531Z'
}
{
  message: 'Server is listening to 5001',
  level: 'info',
  label: 'UNI',
  timestamp: '2024-06-07T10:27:35.539Z'
}
