{
  message: 'Database is connected.',
  level: 'info',
  label: 'UNI',
  timestamp: '2023-10-31T14:45:55.819Z'
}
{
  message: 'Server is listening to 5000',
  level: 'info',
  label: 'UNI',
  timestamp: '2023-10-31T14:45:55.854Z'
}
{
  message: 'Database is connected.',
  level: 'info',
  label: 'UNI',
  timestamp: '2023-10-31T14:47:42.375Z'
}
{
  message: 'Server is listening to 5000',
  level: 'info',
  label: 'UNI',
  timestamp: '2023-10-31T14:47:42.396Z'
}
{
  message: 'Database is connected.',
  level: 'info',
  label: 'UNI',
  timestamp: '2023-10-31T14:47:58.702Z'
}
{
  message: 'Server is listening to 5000',
  level: 'info',
  label: 'UNI',
  timestamp: '2023-10-31T14:47:58.718Z'
}
