{
  message: 'Database is connected.',
  level: 'info',
  label: 'UNI',
  timestamp: '2024-01-26T10:02:21.206Z'
}
{
  message: 'Server is listening to 5000',
  level: 'info',
  label: 'UNI',
  timestamp: '2024-01-26T10:02:21.213Z'
}
{
  message: 'Database is connected.',
  level: 'info',
  label: 'UNI',
  timestamp: '2024-01-26T10:04:08.171Z'
}
{
  message: 'Server is listening to 5000',
  level: 'info',
  label: 'UNI',
  timestamp: '2024-01-26T10:04:08.178Z'
}
{
  message: 'Database is connected.',
  level: 'info',
  label: 'UNI',
  timestamp: '2024-01-26T10:04:24.361Z'
}
{
  message: 'Server is listening to 5000',
  level: 'info',
  label: 'UNI',
  timestamp: '2024-01-26T10:04:24.368Z'
}
{
  message: 'Database is connected.',
  level: 'info',
  label: 'UNI',
  timestamp: '2024-01-26T10:05:01.652Z'
}
{
  message: 'Server is listening to 5000',
  level: 'info',
  label: 'UNI',
  timestamp: '2024-01-26T10:05:01.662Z'
}
{
  message: 'Database is connected.',
  level: 'info',
  label: 'UNI',
  timestamp: '2024-01-26T10:27:08.467Z'
}
{
  message: 'Server is listening to 5000',
  level: 'info',
  label: 'UNI',
  timestamp: '2024-01-26T10:27:08.474Z'
}
{
  message: 'Database is connected.',
  level: 'info',
  label: 'UNI',
  timestamp: '2024-01-26T10:30:02.938Z'
}
{
  message: 'Server is listening to 5000',
  level: 'info',
  label: 'UNI',
  timestamp: '2024-01-26T10:30:02.945Z'
}
{
  message: 'Database is connected.',
  level: 'info',
  label: 'UNI',
  timestamp: '2024-01-26T10:30:17.028Z'
}
{
  message: 'Server is listening to 5000',
  level: 'info',
  label: 'UNI',
  timestamp: '2024-01-26T10:30:17.035Z'
}
{
  message: 'Database is connected.',
  level: 'info',
  label: 'UNI',
  timestamp: '2024-01-26T10:30:52.683Z'
}
{
  message: 'Server is listening to 5000',
  level: 'info',
  label: 'UNI',
  timestamp: '2024-01-26T10:30:52.694Z'
}
{
  message: 'Database is connected.',
  level: 'info',
  label: 'UNI',
  timestamp: '2024-01-26T10:31:45.418Z'
}
{
  message: 'Server is listening to 5000',
  level: 'info',
  label: 'UNI',
  timestamp: '2024-01-26T10:31:45.427Z'
}
{
  message: 'Database is connected.',
  level: 'info',
  label: 'UNI',
  timestamp: '2024-01-26T10:32:54.146Z'
}
{
  message: 'Server is listening to 5000',
  level: 'info',
  label: 'UNI',
  timestamp: '2024-01-26T10:32:54.153Z'
}
{
  message: 'Database is connected.',
  level: 'info',
  label: 'UNI',
  timestamp: '2024-01-26T10:33:25.327Z'
}
{
  message: 'Server is listening to 5000',
  level: 'info',
  label: 'UNI',
  timestamp: '2024-01-26T10:33:25.336Z'
}
