{
  message: 'Database is connected.',
  level: 'info',
  label: 'UNI',
  timestamp: '2023-10-24T14:06:35.840Z'
}
{
  message: 'Server is listening to 5000',
  level: 'info',
  label: 'UNI',
  timestamp: '2023-10-24T14:06:35.866Z'
}
{
  message: 'Database is connected.',
  level: 'info',
  label: 'UNI',
  timestamp: '2023-10-24T14:10:22.230Z'
}
{
  message: 'Server is listening to 5000',
  level: 'info',
  label: 'UNI',
  timestamp: '2023-10-24T14:10:22.250Z'
}
{
  message: 'Database is connected.',
  level: 'info',
  label: 'UNI',
  timestamp: '2023-10-24T14:12:14.796Z'
}
{
  message: 'Server is listening to 5000',
  level: 'info',
  label: 'UNI',
  timestamp: '2023-10-24T14:12:14.815Z'
}
{
  message: 'Database is connected.',
  level: 'info',
  label: 'UNI',
  timestamp: '2023-10-24T14:14:12.874Z'
}
{
  message: 'Server is listening to 5000',
  level: 'info',
  label: 'UNI',
  timestamp: '2023-10-24T14:14:12.884Z'
}
{
  message: 'Database is connected.',
  level: 'info',
  label: 'UNI',
  timestamp: '2023-10-24T14:16:14.959Z'
}
{
  message: 'Server is listening to 5000',
  level: 'info',
  label: 'UNI',
  timestamp: '2023-10-24T14:16:14.971Z'
}
{
  message: 'Database is connected.',
  level: 'info',
  label: 'UNI',
  timestamp: '2023-10-24T14:17:28.620Z'
}
{
  message: 'Server is listening to 5000',
  level: 'info',
  label: 'UNI',
  timestamp: '2023-10-24T14:17:28.631Z'
}
{
  message: 'Database is connected.',
  level: 'info',
  label: 'UNI',
  timestamp: '2023-10-24T14:19:01.241Z'
}
{
  message: 'Server is listening to 5000',
  level: 'info',
  label: 'UNI',
  timestamp: '2023-10-24T14:19:01.263Z'
}
{
  message: 'Database is connected.',
  level: 'info',
  label: 'UNI',
  timestamp: '2023-10-24T14:44:02.769Z'
}
{
  message: 'Server is listening to 5000',
  level: 'info',
  label: 'UNI',
  timestamp: '2023-10-24T14:44:02.787Z'
}
{
  message: 'Database is connected.',
  level: 'info',
  label: 'UNI',
  timestamp: '2023-10-24T14:44:59.871Z'
}
{
  message: 'Server is listening to 5000',
  level: 'info',
  label: 'UNI',
  timestamp: '2023-10-24T14:44:59.886Z'
}
