{
  message: 'Database is connected.',
  level: 'info',
  label: 'UNI',
  timestamp: '2023-11-04T14:00:52.866Z'
}
{
  message: 'Server is listening to 5000',
  level: 'info',
  label: 'UNI',
  timestamp: '2023-11-04T14:00:52.875Z'
}
{
  message: 'Database is connected.',
  level: 'info',
  label: 'UNI',
  timestamp: '2023-11-04T14:01:02.783Z'
}
{
  message: 'Server is listening to 5000',
  level: 'info',
  label: 'UNI',
  timestamp: '2023-11-04T14:01:02.792Z'
}
{
  message: 'Database is connected.',
  level: 'info',
  label: 'UNI',
  timestamp: '2023-11-04T14:08:44.969Z'
}
{
  message: 'Server is listening to 5000',
  level: 'info',
  label: 'UNI',
  timestamp: '2023-11-04T14:08:44.979Z'
}
{
  message: 'Database is connected.',
  level: 'info',
  label: 'UNI',
  timestamp: '2023-11-04T14:08:54.584Z'
}
{
  message: 'Server is listening to 5000',
  level: 'info',
  label: 'UNI',
  timestamp: '2023-11-04T14:08:54.611Z'
}
