{
  message: 'Database is connected.',
  level: 'info',
  label: 'UNI',
  timestamp: '2024-01-26T09:45:38.662Z'
}
{
  message: 'Server is listening to 5000',
  level: 'info',
  label: 'UNI',
  timestamp: '2024-01-26T09:45:38.672Z'
}
{
  message: 'Database is connected.',
  level: 'info',
  label: 'UNI',
  timestamp: '2024-01-26T09:48:22.557Z'
}
{
  message: 'Server is listening to 5000',
  level: 'info',
  label: 'UNI',
  timestamp: '2024-01-26T09:48:22.563Z'
}
{
  message: 'Database is connected.',
  level: 'info',
  label: 'UNI',
  timestamp: '2024-01-26T09:59:33.147Z'
}
{
  message: 'Server is listening to 5000',
  level: 'info',
  label: 'UNI',
  timestamp: '2024-01-26T09:59:33.163Z'
}
