{
  message: 'Database is connected.',
  level: 'info',
  label: 'UNI',
  timestamp: '2024-01-26T11:00:36.741Z'
}
{
  message: 'Server is listening to 5000',
  level: 'info',
  label: 'UNI',
  timestamp: '2024-01-26T11:00:36.748Z'
}
{
  message: 'Database is connected.',
  level: 'info',
  label: 'UNI',
  timestamp: '2024-01-26T11:07:05.975Z'
}
{
  message: 'Server is listening to 5000',
  level: 'info',
  label: 'UNI',
  timestamp: '2024-01-26T11:07:05.984Z'
}
{
  message: 'Database is connected.',
  level: 'info',
  label: 'UNI',
  timestamp: '2024-01-26T11:30:16.867Z'
}
{
  message: 'Server is listening to 5000',
  level: 'info',
  label: 'UNI',
  timestamp: '2024-01-26T11:30:16.873Z'
}
